<?xml version="1.0" encoding="UTF-8"?>
<testng-results ignored="0" total="2" passed="2" failed="0" skipped="0">
  <reporter-output>
  </reporter-output>
  <suite started-at="2026-03-31T21:08:02 IST" name="CrossBrowserSuite" finished-at="2026-03-31T21:09:02 IST" duration-ms="59296">
    <groups>
    </groups>
    <test started-at="2026-03-31T21:08:02 IST" name="Chrome_Test" finished-at="2026-03-31T21:08:49 IST" duration-ms="46221">
      <class name="testCases.TC001_PlaceOrder">
        <test-method is-config="true" signature="setUp(java.lang.String)[pri:0, instance:testCases.TC001_PlaceOrder@1115ec15]" started-at="2026-03-31T21:08:02 IST" name="setUp" finished-at="2026-03-31T21:08:35 IST" duration-ms="32995" status="PASS">
          <params>
            <param index="0">
              <value>
                <![CDATA[chrome]]>
              </value>
            </param>
          </params>
          <reporter-output>
          </reporter-output>
        </test-method> <!-- setUp -->
        <test-method signature="placeOrder()[pri:0, instance:testCases.TC001_PlaceOrder@1115ec15]" started-at="2026-03-31T21:08:35 IST" name="placeOrder" finished-at="2026-03-31T21:08:49 IST" duration-ms="13105" status="PASS">
          <reporter-output>
          </reporter-output>
        </test-method> <!-- placeOrder -->
        <test-method is-config="true" signature="tearDown(org.testng.ITestResult)[pri:0, instance:testCases.TC001_PlaceOrder@1115ec15]" started-at="2026-03-31T21:08:49 IST" name="tearDown" finished-at="2026-03-31T21:08:49 IST" duration-ms="0" status="PASS">
          <params>
            <param index="0">
              <value>
                <![CDATA[[TestResult name=placeOrder status=SUCCESS method=TC001_PlaceOrder.placeOrder()[pri:0, instance:testCases.TC001_PlaceOrder@1115ec15] output={null}]]]>
              </value>
            </param>
          </params>
          <reporter-output>
          </reporter-output>
        </test-method> <!-- tearDown -->
        <test-method is-config="true" signature="tearDown()[pri:0, instance:testCases.TC001_PlaceOrder@1115ec15]" started-at="2026-03-31T21:08:49 IST" name="tearDown" finished-at="2026-03-31T21:08:49 IST" duration-ms="108" status="PASS">
          <reporter-output>
          </reporter-output>
        </test-method> <!-- tearDown -->
      </class> <!-- testCases.TC001_PlaceOrder -->
    </test> <!-- Chrome_Test -->
    <test started-at="2026-03-31T21:08:02 IST" name="FireFox_Test" finished-at="2026-03-31T21:09:02 IST" duration-ms="59296">
      <class name="testCases.TC001_PlaceOrder">
        <test-method is-config="true" signature="setUp(java.lang.String)[pri:0, instance:testCases.TC001_PlaceOrder@be68757]" started-at="2026-03-31T21:08:02 IST" name="setUp" finished-at="2026-03-31T21:08:49 IST" duration-ms="46539" status="PASS">
          <params>
            <param index="0">
              <value>
                <![CDATA[firefox]]>
              </value>
            </param>
          </params>
          <reporter-output>
          </reporter-output>
        </test-method> <!-- setUp -->
        <test-method signature="placeOrder()[pri:0, instance:testCases.TC001_PlaceOrder@be68757]" started-at="2026-03-31T21:08:49 IST" name="placeOrder" finished-at="2026-03-31T21:09:01 IST" duration-ms="12364" status="PASS">
          <reporter-output>
          </reporter-output>
        </test-method> <!-- placeOrder -->
        <test-method is-config="true" signature="tearDown()[pri:0, instance:testCases.TC001_PlaceOrder@be68757]" started-at="2026-03-31T21:09:01 IST" name="tearDown" finished-at="2026-03-31T21:09:02 IST" duration-ms="385" status="PASS">
          <reporter-output>
          </reporter-output>
        </test-method> <!-- tearDown -->
        <test-method is-config="true" signature="tearDown(org.testng.ITestResult)[pri:0, instance:testCases.TC001_PlaceOrder@be68757]" started-at="2026-03-31T21:09:01 IST" name="tearDown" finished-at="2026-03-31T21:09:01 IST" duration-ms="0" status="PASS">
          <params>
            <param index="0">
              <value>
                <![CDATA[[TestResult name=placeOrder status=SUCCESS method=TC001_PlaceOrder.placeOrder()[pri:0, instance:testCases.TC001_PlaceOrder@be68757] output={null}]]]>
              </value>
            </param>
          </params>
          <reporter-output>
          </reporter-output>
        </test-method> <!-- tearDown -->
      </class> <!-- testCases.TC001_PlaceOrder -->
    </test> <!-- FireFox_Test -->
  </suite> <!-- CrossBrowserSuite -->
</testng-results>
