<?xml version="1.0" encoding="UTF-8"?>
<testng-results ignored="0" total="2" passed="2" failed="0" skipped="0">
  <reporter-output>
  </reporter-output>
  <suite started-at="2025-12-15T10:04:56 IST" name="CrossBrowserSuite" finished-at="2025-12-15T10:05:18 IST" duration-ms="22346">
    <groups>
    </groups>
    <test started-at="2025-12-15T10:04:56 IST" name="Chrome_Test" finished-at="2025-12-15T10:05:17 IST" duration-ms="21024">
      <class name="testCases.TC001_PlaceOrder">
        <test-method is-config="true" signature="setUp(java.lang.String)[pri:0, instance:testCases.TC001_PlaceOrder@3f67593e]" started-at="2025-12-15T10:04:56 IST" name="setUp" finished-at="2025-12-15T10:05:06 IST" duration-ms="9782" status="PASS">
          <params>
            <param index="0">
              <value>
                <![CDATA[chrome]]>
              </value>
            </param>
          </params>
          <reporter-output>
          </reporter-output>
        </test-method> <!-- setUp -->
        <test-method signature="placeOrder()[pri:0, instance:testCases.TC001_PlaceOrder@3f67593e]" started-at="2025-12-15T10:05:06 IST" name="placeOrder" finished-at="2025-12-15T10:05:17 IST" duration-ms="11109" status="PASS">
          <reporter-output>
          </reporter-output>
        </test-method> <!-- placeOrder -->
        <test-method is-config="true" signature="tearDown(org.testng.ITestResult)[pri:0, instance:testCases.TC001_PlaceOrder@3f67593e]" started-at="2025-12-15T10:05:17 IST" name="tearDown" finished-at="2025-12-15T10:05:17 IST" duration-ms="0" status="PASS">
          <params>
            <param index="0">
              <value>
                <![CDATA[[TestResult name=placeOrder status=SUCCESS method=TC001_PlaceOrder.placeOrder()[pri:0, instance:testCases.TC001_PlaceOrder@3f67593e] output={null}]]]>
              </value>
            </param>
          </params>
          <reporter-output>
          </reporter-output>
        </test-method> <!-- tearDown -->
        <test-method is-config="true" signature="tearDown()[pri:0, instance:testCases.TC001_PlaceOrder@3f67593e]" started-at="2025-12-15T10:05:17 IST" name="tearDown" finished-at="2025-12-15T10:05:17 IST" duration-ms="120" status="PASS">
          <reporter-output>
          </reporter-output>
        </test-method> <!-- tearDown -->
      </class> <!-- testCases.TC001_PlaceOrder -->
    </test> <!-- Chrome_Test -->
    <test started-at="2025-12-15T10:04:56 IST" name="FireFox_Test" finished-at="2025-12-15T10:05:18 IST" duration-ms="22346">
      <class name="testCases.TC001_PlaceOrder">
        <test-method is-config="true" signature="setUp(java.lang.String)[pri:0, instance:testCases.TC001_PlaceOrder@481ba2cf]" started-at="2025-12-15T10:04:56 IST" name="setUp" finished-at="2025-12-15T10:05:08 IST" duration-ms="12128" status="PASS">
          <params>
            <param index="0">
              <value>
                <![CDATA[firefox]]>
              </value>
            </param>
          </params>
          <reporter-output>
          </reporter-output>
        </test-method> <!-- setUp -->
        <test-method signature="placeOrder()[pri:0, instance:testCases.TC001_PlaceOrder@481ba2cf]" started-at="2025-12-15T10:05:08 IST" name="placeOrder" finished-at="2025-12-15T10:05:18 IST" duration-ms="9833" status="PASS">
          <reporter-output>
          </reporter-output>
        </test-method> <!-- placeOrder -->
        <test-method is-config="true" signature="tearDown(org.testng.ITestResult)[pri:0, instance:testCases.TC001_PlaceOrder@481ba2cf]" started-at="2025-12-15T10:05:18 IST" name="tearDown" finished-at="2025-12-15T10:05:18 IST" duration-ms="1" status="PASS">
          <params>
            <param index="0">
              <value>
                <![CDATA[[TestResult name=placeOrder status=SUCCESS method=TC001_PlaceOrder.placeOrder()[pri:0, instance:testCases.TC001_PlaceOrder@481ba2cf] output={null}]]]>
              </value>
            </param>
          </params>
          <reporter-output>
          </reporter-output>
        </test-method> <!-- tearDown -->
        <test-method is-config="true" signature="tearDown()[pri:0, instance:testCases.TC001_PlaceOrder@481ba2cf]" started-at="2025-12-15T10:05:18 IST" name="tearDown" finished-at="2025-12-15T10:05:18 IST" duration-ms="378" status="PASS">
          <reporter-output>
          </reporter-output>
        </test-method> <!-- tearDown -->
      </class> <!-- testCases.TC001_PlaceOrder -->
    </test> <!-- FireFox_Test -->
  </suite> <!-- CrossBrowserSuite -->
</testng-results>
